{"level":"info","message":"Server starting..."}
{"level":"info","message":{"duration":"18ms","ip":"::1","method":"POST","status":400,"url":"/api/auth/signup","userAgent":"curl/8.13.0"}}
{"level":"info","message":{"duration":"227ms","ip":"::1","method":"POST","status":500,"url":"/api/auth/signin","userAgent":"curl/8.13.0"}}
{"level":"info","message":{"duration":"95ms","ip":"::1","method":"POST","status":400,"url":"/api/auth/signup","userAgent":"curl/8.13.0"}}
{"level":"info","message":{"duration":"532ms","ip":"::1","method":"POST","status":500,"url":"/api/auth/signup","userAgent":"curl/8.13.0"}}
{"ip":"::1","level":"error","message":"Expected property name or '}' in JSON at position 1 (line 1 column 2)","method":"POST","stack":"SyntaxError: Expected property name or '}' in JSON at position 1 (line 1 column 2)\n    at JSON.parse (<anonymous>)\n    at parse (C:\\Users\\rache\\catbook-react\\node_modules\\body-parser\\lib\\types\\json.js:92:19)\n    at C:\\Users\\rache\\catbook-react\\node_modules\\body-parser\\lib\\read.js:128:18\n    at AsyncResource.runInAsyncScope (node:async_hooks:214:14)\n    at invokeCallback (C:\\Users\\rache\\catbook-react\\node_modules\\raw-body\\index.js:238:16)\n    at done (C:\\Users\\rache\\catbook-react\\node_modules\\raw-body\\index.js:227:7)\n    at IncomingMessage.onEnd (C:\\Users\\rache\\catbook-react\\node_modules\\raw-body\\index.js:287:7)\n    at IncomingMessage.emit (node:events:518:28)\n    at endReadableNT (node:internal/streams/readable:1698:12)\n    at process.processTicksAndRejections (node:internal/process/task_queues:90:21)","statusCode":400,"url":"/api/auth/signup"}
{"level":"info","message":{"duration":"7ms","ip":"::1","method":"POST","status":400,"url":"/api/auth/signup","userAgent":"curl/8.13.0"}}
{"level":"info","message":{"duration":"2ms","ip":"::1","method":"POST","status":429,"url":"/signup","userAgent":"curl/8.13.0"}}
{"level":"info","message":"Shutdown signal received, closing gracefully..."}
{"level":"info","message":"HTTP server closed"}
{"level":"info","message":"All database connections closed"}
{"level":"info","message":"Server starting..."}
{"ip":"::1","level":"error","message":"Unterminated string in JSON at position 53 (line 1 column 54)","method":"POST","stack":"SyntaxError: Unterminated string in JSON at position 53 (line 1 column 54)\n    at JSON.parse (<anonymous>)\n    at parse (C:\\Users\\rache\\catbook-react\\node_modules\\body-parser\\lib\\types\\json.js:92:19)\n    at C:\\Users\\rache\\catbook-react\\node_modules\\body-parser\\lib\\read.js:128:18\n    at AsyncResource.runInAsyncScope (node:async_hooks:214:14)\n    at invokeCallback (C:\\Users\\rache\\catbook-react\\node_modules\\raw-body\\index.js:238:16)\n    at done (C:\\Users\\rache\\catbook-react\\node_modules\\raw-body\\index.js:227:7)\n    at IncomingMessage.onEnd (C:\\Users\\rache\\catbook-react\\node_modules\\raw-body\\index.js:287:7)\n    at IncomingMessage.emit (node:events:518:28)\n    at endReadableNT (node:internal/streams/readable:1698:12)\n    at process.processTicksAndRejections (node:internal/process/task_queues:90:21)","statusCode":400,"url":"/api/auth/signup"}
{"level":"info","message":{"duration":"30ms","ip":"::1","method":"POST","status":400,"url":"/api/auth/signup","userAgent":"curl/8.13.0"}}
{"level":"info","message":{"duration":"11ms","ip":"::1","method":"POST","status":400,"url":"/api/auth/signup","userAgent":"curl/8.13.0"}}
{"ip":"::1","level":"error","message":"Unexpected token ''', \"'{username\"... is not valid JSON","method":"POST","stack":"SyntaxError: Unexpected token ''', \"'{username\"... is not valid JSON\n    at JSON.parse (<anonymous>)\n    at createStrictSyntaxError (C:\\Users\\rache\\catbook-react\\node_modules\\body-parser\\lib\\types\\json.js:169:10)\n    at parse (C:\\Users\\rache\\catbook-react\\node_modules\\body-parser\\lib\\types\\json.js:86:15)\n    at C:\\Users\\rache\\catbook-react\\node_modules\\body-parser\\lib\\read.js:128:18\n    at AsyncResource.runInAsyncScope (node:async_hooks:214:14)\n    at invokeCallback (C:\\Users\\rache\\catbook-react\\node_modules\\raw-body\\index.js:238:16)\n    at done (C:\\Users\\rache\\catbook-react\\node_modules\\raw-body\\index.js:227:7)\n    at IncomingMessage.onEnd (C:\\Users\\rache\\catbook-react\\node_modules\\raw-body\\index.js:287:7)\n    at IncomingMessage.emit (node:events:518:28)\n    at endReadableNT (node:internal/streams/readable:1698:12)\n    at process.processTicksAndRejections (node:internal/process/task_queues:90:21)","statusCode":400,"url":"/api/auth/signup"}
{"level":"info","message":{"duration":"4ms","ip":"::1","method":"POST","status":400,"url":"/api/auth/signup","userAgent":"curl/8.13.0"}}
{"ip":"::1","level":"error","message":"Unexpected token ''', \"'{username\"... is not valid JSON","method":"POST","stack":"SyntaxError: Unexpected token ''', \"'{username\"... is not valid JSON\n    at JSON.parse (<anonymous>)\n    at createStrictSyntaxError (C:\\Users\\rache\\catbook-react\\node_modules\\body-parser\\lib\\types\\json.js:169:10)\n    at parse (C:\\Users\\rache\\catbook-react\\node_modules\\body-parser\\lib\\types\\json.js:86:15)\n    at C:\\Users\\rache\\catbook-react\\node_modules\\body-parser\\lib\\read.js:128:18\n    at AsyncResource.runInAsyncScope (node:async_hooks:214:14)\n    at invokeCallback (C:\\Users\\rache\\catbook-react\\node_modules\\raw-body\\index.js:238:16)\n    at done (C:\\Users\\rache\\catbook-react\\node_modules\\raw-body\\index.js:227:7)\n    at IncomingMessage.onEnd (C:\\Users\\rache\\catbook-react\\node_modules\\raw-body\\index.js:287:7)\n    at IncomingMessage.emit (node:events:518:28)\n    at endReadableNT (node:internal/streams/readable:1698:12)\n    at process.processTicksAndRejections (node:internal/process/task_queues:90:21)","statusCode":400,"url":"/api/auth/signup"}
{"level":"info","message":{"duration":"3ms","ip":"::1","method":"POST","status":400,"url":"/api/auth/signup","userAgent":"curl/8.13.0"}}
{"level":"info","message":{"duration":"1058ms","ip":"::1","method":"POST","status":201,"url":"/api/auth/signup","userAgent":"curl/8.13.0"}}
{"level":"info","message":{"duration":"191ms","ip":"::1","method":"POST","status":500,"url":"/api/auth/signIN","userAgent":"curl/8.13.0"}}
{"level":"info","message":{"duration":"180ms","ip":"::1","method":"POST","status":500,"url":"/api/auth/signin","userAgent":"curl/8.13.0"}}
{"level":"info","message":{"duration":"91ms","ip":"::1","method":"POST","status":404,"url":"/api/auth/signin","userAgent":"curl/8.13.0"}}
{"level":"info","message":{"duration":"94ms","ip":"::1","method":"POST","status":404,"url":"/api/auth/signin","userAgent":"curl/8.13.0"}}
{"level":"info","message":{"duration":"96ms","ip":"::1","method":"POST","status":400,"url":"/api/auth/signup","userAgent":"curl/8.13.0"}}
{"level":"info","message":{"duration":"91ms","ip":"::1","method":"POST","status":400,"url":"/api/auth/signup","userAgent":"curl/8.13.0"}}
{"level":"info","message":{"duration":"174ms","ip":"::1","method":"POST","status":500,"url":"/api/auth/signin","userAgent":"curl/8.13.0"}}
{"level":"info","message":{"duration":"177ms","ip":"::1","method":"POST","status":500,"url":"/api/auth/signin","userAgent":"curl/8.13.0"}}
{"ip":"::1","level":"error","message":"Expected ',' or '}' after property value in JSON at position 88 (line 1 column 89)","method":"POST","stack":"SyntaxError: Expected ',' or '}' after property value in JSON at position 88 (line 1 column 89)\n    at JSON.parse (<anonymous>)\n    at parse (C:\\Users\\rache\\catbook-react\\node_modules\\body-parser\\lib\\types\\json.js:92:19)\n    at C:\\Users\\rache\\catbook-react\\node_modules\\body-parser\\lib\\read.js:128:18\n    at AsyncResource.runInAsyncScope (node:async_hooks:214:14)\n    at invokeCallback (C:\\Users\\rache\\catbook-react\\node_modules\\raw-body\\index.js:238:16)\n    at done (C:\\Users\\rache\\catbook-react\\node_modules\\raw-body\\index.js:227:7)\n    at IncomingMessage.onEnd (C:\\Users\\rache\\catbook-react\\node_modules\\raw-body\\index.js:287:7)\n    at IncomingMessage.emit (node:events:518:28)\n    at endReadableNT (node:internal/streams/readable:1698:12)\n    at process.processTicksAndRejections (node:internal/process/task_queues:90:21)","statusCode":400,"url":"/api/auth/signup"}
{"level":"info","message":{"duration":"3ms","ip":"::1","method":"POST","status":400,"url":"/api/auth/signup","userAgent":"curl/8.13.0"}}
{"level":"info","message":{"duration":"171ms","ip":"::1","method":"POST","status":400,"url":"/api/auth/signup","userAgent":"curl/8.13.0"}}
{"level":"info","message":{"duration":"783ms","ip":"::1","method":"POST","status":201,"url":"/api/auth/signup","userAgent":"curl/8.13.0"}}
{"level":"info","message":{"duration":"179ms","ip":"::1","method":"POST","status":500,"url":"/api/auth/signin","userAgent":"curl/8.13.0"}}
{"level":"info","message":{"duration":"724ms","ip":"::1","method":"POST","status":500,"url":"/api/auth/signin","userAgent":"curl/8.13.0"}}
{"level":"info","message":{"duration":"759ms","ip":"::1","method":"POST","status":201,"url":"/api/auth/signup","userAgent":"curl/8.13.0"}}
{"level":"info","message":{"duration":"178ms","ip":"::1","method":"POST","status":500,"url":"/api/auth/signin","userAgent":"curl/8.13.0"}}
{"level":"info","message":{"duration":"179ms","ip":"::1","method":"POST","status":500,"url":"/api/auth/signin","userAgent":"curl/8.13.0"}}
{"level":"info","message":{"duration":"749ms","ip":"::1","method":"POST","status":201,"url":"/api/auth/signup","userAgent":"curl/8.13.0"}}
{"level":"info","message":{"duration":"2ms","ip":"::1","method":"POST","status":429,"url":"/","userAgent":"curl/8.13.0"}}
{"level":"info","message":"Shutdown signal received, closing gracefully..."}
{"level":"info","message":"HTTP server closed"}
{"level":"info","message":"All database connections closed"}
{"level":"info","message":"Server starting..."}
{"level":"info","message":"Shutdown signal received, closing gracefully..."}
{"level":"info","message":"HTTP server closed"}
{"level":"info","message":"All database connections closed"}
